Sat May 09 2020 13:36:46 GMT+0200 (hora de verano de Europa central) - GET - /productos/json
Sat May 09 2020 13:37:18 GMT+0200 (hora de verano de Europa central) - GET - /productos/all
Sat May 09 2020 13:37:35 GMT+0200 (hora de verano de Europa central) - GET - /users/new
Sat May 09 2020 13:48:24 GMT+0200 (hora de verano de Europa central) - Método: GET - Url: /users/otro
Fri May 22 2020 17:14:44 GMT+0200 (hora de verano de Europa central) - Método: GET - Url: /
Fri May 22 2020 17:14:52 GMT+0200 (hora de verano de Europa central) - Método: GET - Url: /users/new
Fri May 22 2020 17:14:57 GMT+0200 (hora de verano de Europa central) - Método: GET - Url: /users/otro
Fri May 22 2020 17:15:10 GMT+0200 (hora de verano de Europa central) - Método: GET - Url: /productos/all
Fri May 22 2020 17:22:12 GMT+0200 (hora de verano de Europa central) - Método: GET - Url: /mario
Fri May 22 2020 17:39:36 GMT+0200 (hora de verano de Europa central) - Método: GET - Url: /productos/categoria/loquesea
Fri May 22 2020 17:39:43 GMT+0200 (hora de verano de Europa central) - Método: GET - Url: /productos/categoria/informatica
Fri May 22 2020 17:39:49 GMT+0200 (hora de verano de Europa central) - Método: GET - Url: /productos/categoria/electrodomesticos
Fri May 22 2020 17:39:54 GMT+0200 (hora de verano de Europa central) - Método: GET - Url: /productos/categoria/otro
Fri May 22 2020 17:40:34 GMT+0200 (hora de verano de Europa central) - Método: GET - Url: /productos/categoria/informatica
Fri May 22 2020 17:41:15 GMT+0200 (hora de verano de Europa central) - Método: GET - Url: /productos/categoria/informatica
Fri May 22 2020 17:41:47 GMT+0200 (hora de verano de Europa central) - Método: GET - Url: /productos/categoria/informatica
Fri May 22 2020 17:42:28 GMT+0200 (hora de verano de Europa central) - Método: GET - Url: /productos/categoria/informatica
Fri May 22 2020 17:43:36 GMT+0200 (hora de verano de Europa central) - Método: GET - Url: /productos/categoria/informatica
Fri May 22 2020 17:43:47 GMT+0200 (hora de verano de Europa central) - Método: GET - Url: /productos/categoria/electrodomesticos
Fri May 22 2020 17:44:53 GMT+0200 (hora de verano de Europa central) - Método: GET - Url: /productos/categoria/electrodomesticos
Fri May 22 2020 17:44:57 GMT+0200 (hora de verano de Europa central) - Método: GET - Url: /productos/categoria/informatica
Fri May 22 2020 17:45:04 GMT+0200 (hora de verano de Europa central) - Método: GET - Url: /productos/categoria/casa
Fri May 22 2020 17:49:58 GMT+0200 (hora de verano de Europa central) - Método: GET - Url: /productos/categoria/casa
Fri May 22 2020 17:50:07 GMT+0200 (hora de verano de Europa central) - Método: GET - Url: /productos/categoria/informatica
Fri May 22 2020 17:50:17 GMT+0200 (hora de verano de Europa central) - Método: GET - Url: /productos/categoria/electrodomesticos
Fri May 22 2020 17:50:24 GMT+0200 (hora de verano de Europa central) - Método: GET - Url: /productos/categoria/electrodomestico
Fri May 22 2020 18:04:56 GMT+0200 (hora de verano de Europa central) - Método: GET - Url: /users/678/proyecto/3
Fri May 22 2020 18:08:26 GMT+0200 (hora de verano de Europa central) - Método: GET - Url: /users/678/proyecto/3
Fri May 22 2020 18:10:11 GMT+0200 (hora de verano de Europa central) - Método: GET - Url: /users/678/proyecto/3
Fri May 22 2020 18:11:34 GMT+0200 (hora de verano de Europa central) - Método: GET - Url: /users/123/proyecto/3
Fri May 22 2020 18:17:52 GMT+0200 (hora de verano de Europa central) - Método: GET - Url: /cvmario.pdf
Fri May 22 2020 18:17:59 GMT+0200 (hora de verano de Europa central) - Método: GET - Url: /cvmario.text
Fri May 22 2020 18:18:02 GMT+0200 (hora de verano de Europa central) - Método: GET - Url: /cvmario.txt
Fri May 22 2020 18:37:36 GMT+0200 (hora de verano de Europa central) - Método: POST - Url: /users/create
Fri May 22 2020 18:39:11 GMT+0200 (hora de verano de Europa central) - Método: POST - Url: /users/create
Fri May 22 2020 18:40:55 GMT+0200 (hora de verano de Europa central) - Método: POST - Url: /users/create
Fri May 22 2020 18:41:59 GMT+0200 (hora de verano de Europa central) - Método: POST - Url: /users/create
Fri May 22 2020 18:43:35 GMT+0200 (hora de verano de Europa central) - Método: POST - Url: /users/create
Fri May 22 2020 18:43:44 GMT+0200 (hora de verano de Europa central) - Método: POST - Url: /users/create
Fri May 22 2020 18:45:20 GMT+0200 (hora de verano de Europa central) - Método: POST - Url: /users/create
Fri May 22 2020 18:50:15 GMT+0200 (hora de verano de Europa central) - Método: GET - Url: /products/all
Fri May 22 2020 18:50:20 GMT+0200 (hora de verano de Europa central) - Método: GET - Url: /productos/all
Fri May 22 2020 18:50:39 GMT+0200 (hora de verano de Europa central) - Método: GET - Url: /productos/all?page=2
Fri May 22 2020 18:51:19 GMT+0200 (hora de verano de Europa central) - Método: GET - Url: /productos/all?page=2&limit=10
